This is pdfTeX, Version 3.141592653-2.6-1.40.25 (MiKTeX 24.1) (preloaded format=pdflatex.fmt)
 restricted \write18 enabled.
entering extended mode
(C:/Users/Ricar/AppData/Local/Temp/tmpjpb5aopl/circuit.tex
LaTeX2e <2023-11-01> patch level 1
L3 programming layer <2024-01-04>
(C:\Program Files\MiKTeX\tex/latex/standalone\standalone.cls
Document Class: standalone 2022/10/10 v1.3b Class to compile TeX sub-files stan
dalone
(C:\Program Files\MiKTeX\tex/latex/tools\shellesc.sty)
(C:\Program Files\MiKTeX\tex/generic/iftex\ifluatex.sty
(C:\Program Files\MiKTeX\tex/generic/iftex\iftex.sty))
(C:\Program Files\MiKTeX\tex/latex/xkeyval\xkeyval.sty
(C:\Program Files\MiKTeX\tex/generic/xkeyval\xkeyval.tex
(C:\Program Files\MiKTeX\tex/generic/xkeyval\xkvutils.tex
(C:\Program Files\MiKTeX\tex/generic/xkeyval\keyval.tex))))
(C:\Program Files\MiKTeX\tex/latex/standalone\standalone.cfg)
(C:\Program Files\MiKTeX\tex/latex/base\article.cls
Document Class: article 2023/05/17 v1.4n Standard LaTeX document class
(C:\Program Files\MiKTeX\tex/latex/base\size10.clo)))
(C:\Program Files\MiKTeX\tex/latex/qcircuit\qcircuit.sty
(C:\Program Files\MiKTeX\tex/generic/xypic\xy.sty
(C:\Program Files\MiKTeX\tex/generic/xypic\xy.tex Bootstrap'ing: catcodes,
docmode, (C:\Program Files\MiKTeX\tex/generic/xypic\xyrecat.tex)
(C:\Program Files\MiKTeX\tex/generic/xypic\xyidioms.tex)

 Xy-pic version 3.8.9 <2013/10/06>
 Copyright (c) 1991-2013 by Kristoffer H. Rose <krisrose@tug.org> and others
 Xy-pic is free software: see the User's Guide for details.

Loading kernel: messages; fonts; allocations: state, direction,
utility macros; pictures: \xy, positions, objects, decorations;
kernel objects: directionals, circles, text; options; algorithms: directions,
edges, connections;  Xy-pic loaded)
(C:\Program Files\MiKTeX\tex/generic/iftex\ifpdf.sty)
(C:\Program Files\MiKTeX\tex/generic/xypic\xypdf.tex
 Xy-pic option: PDF driver v.1.7 loaded))
(C:\Program Files\MiKTeX\tex/generic/xypic\xymatrix.tex
 Xy-pic option: Matrix feature v.3.14 loaded)
(C:\Program Files\MiKTeX\tex/generic/xypic\xyframe.tex
 Xy-pic option: Frame and Bracket extension v.3.14 loaded)
Xy-pic pdf driver: `frame' extension support
(C:\Program Files\MiKTeX\tex/generic/xypic\xypdf-fr.tex
(C:\Program Files\MiKTeX\tex/generic/xypic\xycurve.tex
 Xy-pic option: Curve and Spline extension v.3.12 curve, circles, loaded)
Xy-pic pdf driver: `curve' extension support
(C:\Program Files\MiKTeX\tex/generic/xypic\xypdf-cu.tex loaded) loaded)
(C:\Program Files\MiKTeX\tex/generic/xypic\xyarrow.tex
 Xy-pic option: Arrow and Path feature v.3.9 path, \ar, loaded)
(C:\Program Files\MiKTeX\tex/generic/xypic\xyarc.tex
 Xy-pic option: Circle, Ellipse, Arc feature v.3.8 circles, ellipses,
elliptical arcs, loaded))
(C:\Program Files\MiKTeX\tex/latex/graphics\graphicx.sty
(C:\Program Files\MiKTeX\tex/latex/graphics\graphics.sty
(C:\Program Files\MiKTeX\tex/latex/graphics\trig.sty)
(C:\Program Files\MiKTeX\tex/latex/graphics-cfg\graphics.cfg)
(C:\Program Files\MiKTeX\tex/latex/graphics-def\pdftex.def)))
(C:\Program Files\MiKTeX\tex/latex/l3backend\l3backend-pdftex.def)
No file circuit.aux.
(C:\Program Files\MiKTeX\tex/context/base/mkii\supp-pdf.mkii
[Loading MPS to PDF converter (version 2006.09.02).]
) (C:\Program Files\MiKTeX\tex/latex/epstopdf-pkg\epstopdf-base.sty
(C:\Program Files\MiKTeX\tex/latex/00miktex\epstopdf-sys.cfg)) <xymatrix
! Misplaced \cr.
<argument> H\\
              string^(\bigoplus \,n)
l.16 \\ }}
          
!  ==> Fatal error occurred, no output PDF file produced!
Transcript written on C:\Users\Ricar\AppData\Local\Temp\tmpjpb5aopl\circuit.log
.
